[2025-11-03 05:13:02 UTC] AI rule monitor started.
[2025-11-03 05:13:02 UTC] Starting new AI analysis cycle.
[2025-11-03 05:13:02 UTC] [ERROR] AI analysis failed: module 'firewall_ai' has no attribute 'analyze_and_suggest'
[2025-11-03 05:18:02 UTC] Starting new AI analysis cycle.
[2025-11-03 05:18:02 UTC] [ERROR] AI analysis failed: module 'firewall_ai' has no attribute 'analyze_and_suggest'
[2025-11-03 05:19:00 UTC] AI rule monitor stopped.
[2025-11-03 05:21:11 UTC] AI rule monitor started.
[2025-11-03 05:21:11 UTC] Starting new AI analysis cycle.
[2025-11-03 05:21:11 UTC] [ERROR] AI analysis failed: module 'firewall_ai' has no attribute 'analyze_and_suggest'
[2025-11-03 05:21:43 UTC] AI rule monitor stopped.
[2025-11-03 05:31:32 UTC] AI rule monitor started.
[2025-11-03 05:31:32 UTC] Starting new AI analysis cycle.
[2025-11-03 05:31:32 UTC] 48 new rule suggestions detected. Merging high-confidence rules...
[2025-11-03 05:31:32 UTC] Merged 48 new AI-generated rules into rules.yaml.
[2025-11-03 05:32:04 UTC] AI rule monitor stopped.
[2025-11-03 05:32:33 UTC] AI rule monitor started.
[2025-11-03 05:32:33 UTC] Starting new AI analysis cycle.
[2025-11-03 05:32:33 UTC] 48 new rule suggestions detected. Merging high-confidence rules...
[2025-11-03 05:32:34 UTC] Merged 48 new AI-generated rules into rules.yaml.
[2025-11-03 05:33:54 UTC] AI rule monitor stopped.
[2025-11-03 05:38:56 UTC] AI rule monitor started.
[2025-11-03 05:38:56 UTC] Starting new AI analysis cycle.
[2025-11-03 05:38:57 UTC] 48 new rule suggestions detected. Merging high-confidence rules...
[2025-11-03 05:38:57 UTC] Merged 48 new AI-generated rules into rules.yaml.
[2025-11-03 05:40:22 UTC] AI rule monitor stopped.
[2025-11-03 05:43:06 UTC] AI rule monitor started.
[2025-11-03 05:43:06 UTC] Starting new AI analysis cycle.
[2025-11-03 05:43:07 UTC] 48 new rule suggestions detected. Merging high-confidence rules...
[2025-11-03 05:43:07 UTC] No new unique AI rules to merge (all duplicates or low-confidence).
[2025-11-03 05:43:27 UTC] AI rule monitor stopped.
[2025-11-03 05:43:41 UTC] AI rule monitor started.
[2025-11-03 05:43:41 UTC] Starting new AI analysis cycle.
[2025-11-03 05:43:41 UTC] 48 new rule suggestions detected. Merging high-confidence rules...
[2025-11-03 05:43:41 UTC] No new unique AI rules to merge (all duplicates or low-confidence).
[2025-11-03 05:44:22 UTC] AI rule monitor stopped.
[2025-11-03 05:44:30 UTC] AI rule monitor started.
[2025-11-03 05:44:30 UTC] Starting new AI analysis cycle.
[2025-11-03 05:44:30 UTC] 48 new rule suggestions detected. Merging high-confidence rules...
[2025-11-03 05:44:30 UTC] No new unique AI rules to merge (all duplicates or low-confidence).
[2025-11-03 05:44:48 UTC] AI rule monitor stopped.
[2025-11-03 05:50:41 UTC] AI rule monitor started.
[2025-11-03 05:50:41 UTC] Starting new AI analysis cycle.
[2025-11-03 05:50:42 UTC] 48 new rule suggestions detected. Merging high-confidence rules...
[2025-11-03 05:50:42 UTC] No new unique AI rules to merge (all duplicates or low-confidence).
[2025-11-03 05:51:23 UTC] AI rule monitor stopped.
[2025-11-03 06:05:05 UTC] AI rule monitor started.
[2025-11-03 06:05:05 UTC] Starting new AI analysis cycle.
[2025-11-03 06:05:05 UTC] 46 new rule suggestions detected. Merging high-confidence rules...
[2025-11-03 06:05:05 UTC] No new unique AI rules to merge (all duplicates or low-confidence).
[2025-11-03 06:05:31 UTC] AI rule monitor stopped.
[2025-11-04 05:27:09 UTC] AI rule monitor started.
[2025-11-04 05:27:09 UTC] Starting new AI analysis cycle.
[2025-11-04 05:27:09 UTC] 45 new rule suggestions detected. Merging high-confidence rules...
[2025-11-04 05:27:09 UTC] Merged 5 new AI-generated rules into rules.yaml.
[2025-11-04 05:27:09 UTC] Removed 5 merged rules from rules_suggestion.yaml.
[2025-11-04 05:27:46 UTC] AI rule monitor stopped.
[2025-11-04 05:29:34 UTC] AI rule monitor started.
[2025-11-04 05:29:34 UTC] Starting new AI analysis cycle.
[2025-11-04 05:29:34 UTC] 47 new rule suggestions detected. Merging high-confidence rules...
[2025-11-04 05:29:34 UTC] Merged 5 new AI-generated rules into rules.yaml.
[2025-11-04 05:29:34 UTC] Removed 5 merged rules from rules_suggestion.yaml.
[2025-11-04 05:29:43 UTC] AI rule monitor stopped.
